# JRE version: OpenJDK Runtime Environment (15.0.1+9) (build 15.0.1+9-18)
# Java VM: OpenJDK 64-Bit Server VM (15.0.1+9-18, mixed mode, tiered, compressed oops, g1 gc, windows-amd64)
GC Precious Log:
 CPUs: 4 total, 4 available
 Memory: 8135M
 Large Page Support: Disabled
 NUMA Support: Disabled
 Compressed Oops: Enabled (32-bit)
 Heap Region Size: 1M
 Heap Min Capacity: 8M
 Heap Initial Capacity: 128M
 Heap Max Capacity: 2034M
 Pre-touch: Disabled
 Parallel Workers: 4
 Concurrent Workers: 1
 Concurrent Refinement Workers: 4
 Periodic GC: Disabled
Heap:
 garbage-first heap   total 43008K, used 29539K [0x0000000080e00000, 0x0000000100000000)
  region size 1024K, 13 young (13312K), 1 survivors (1024K)
 Metaspace       used 22357K, capacity 22643K, committed 22784K, reserved 1069056K
  class space    used 2222K, capacity 2303K, committed 2304K, reserved 1048576K
GC Heap History (20 events):
Event: 8.530 GC heap before
{Heap before GC invocations=24 (full 0):
 garbage-first heap   total 43008K, used 34605K [0x0000000080e00000, 0x0000000100000000)
  region size 1024K, 17 young (17408K), 1 survivors (1024K)
 Metaspace       used 22326K, capacity 22579K, committed 22784K, reserved 1069056K
  class space    used 2216K, capacity 2303K, committed 2304K, reserved 1048576K
}
Event: 8.530 GC heap after
{Heap after GC invocations=25 (full 0):
 garbage-first heap   total 43008K, used 18229K [0x0000000080e00000, 0x0000000100000000)
  region size 1024K, 1 young (1024K), 1 survivors (1024K)
 Metaspace       used 22326K, capacity 22579K, committed 22784K, reserved 1069056K
  class space    used 2216K, capacity 2303K, committed 2304K, reserved 1048576K
}
Event: 9.007 GC heap before
{Heap before GC invocations=25 (full 0):
 garbage-first heap   total 43008K, used 34613K [0x0000000080e00000, 0x0000000100000000)
  region size 1024K, 17 young (17408K), 1 survivors (1024K)
 Metaspace       used 22326K, capacity 22579K, committed 22784K, reserved 1069056K
  class space    used 2216K, capacity 2303K, committed 2304K, reserved 1048576K
}
Event: 9.007 GC heap after
{Heap after GC invocations=26 (full 0):
 garbage-first heap   total 43008K, used 18232K [0x0000000080e00000, 0x0000000100000000)
  region size 1024K, 1 young (1024K), 1 survivors (1024K)
 Metaspace       used 22326K, capacity 22579K, committed 22784K, reserved 1069056K
  class space    used 2216K, capacity 2303K, committed 2304K, reserved 1048576K
}
Event: 9.401 GC heap before
{Heap before GC invocations=26 (full 0):
 garbage-first heap   total 43008K, used 34616K [0x0000000080e00000, 0x0000000100000000)
  region size 1024K, 17 young (17408K), 1 survivors (1024K)
 Metaspace       used 22326K, capacity 22579K, committed 22784K, reserved 1069056K
  class space    used 2216K, capacity 2303K, committed 2304K, reserved 1048576K
}
Event: 9.401 GC heap after
{Heap after GC invocations=27 (full 0):
 garbage-first heap   total 43008K, used 18237K [0x0000000080e00000, 0x0000000100000000)
  region size 1024K, 1 young (1024K), 1 survivors (1024K)
 Metaspace       used 22326K, capacity 22579K, committed 22784K, reserved 1069056K
  class space    used 2216K, capacity 2303K, committed 2304K, reserved 1048576K
}
Event: 9.866 GC heap before
{Heap before GC invocations=27 (full 0):
 garbage-first heap   total 43008K, used 34621K [0x0000000080e00000, 0x0000000100000000)
  region size 1024K, 17 young (17408K), 1 survivors (1024K)
 Metaspace       used 22326K, capacity 22579K, committed 22784K, reserved 1069056K
  class space    used 2216K, capacity 2303K, committed 2304K, reserved 1048576K
}
Event: 9.866 GC heap after
{Heap after GC invocations=28 (full 0):
 garbage-first heap   total 43008K, used 18241K [0x0000000080e00000, 0x0000000100000000)
  region size 1024K, 1 young (1024K), 1 survivors (1024K)
 Metaspace       used 22326K, capacity 22579K, committed 22784K, reserved 1069056K
  class space    used 2216K, capacity 2303K, committed 2304K, reserved 1048576K
}
Event: 10.307 GC heap before
{Heap before GC invocations=28 (full 0):
 garbage-first heap   total 43008K, used 34625K [0x0000000080e00000, 0x0000000100000000)
  region size 1024K, 17 young (17408K), 1 survivors (1024K)
 Metaspace       used 22326K, capacity 22579K, committed 22784K, reserved 1069056K
  class space    used 2216K, capacity 2303K, committed 2304K, reserved 1048576K
}
Event: 10.308 GC heap after
{Heap after GC invocations=29 (full 0):
 garbage-first heap   total 43008K, used 18246K [0x0000000080e00000, 0x0000000100000000)
  region size 1024K, 1 young (1024K), 1 survivors (1024K)
 Metaspace       used 22326K, capacity 22579K, committed 22784K, reserved 1069056K
  class space    used 2216K, capacity 2303K, committed 2304K, reserved 1048576K
}
Event: 10.760 GC heap before
{Heap before GC invocations=29 (full 0):
 garbage-first heap   total 43008K, used 34630K [0x0000000080e00000, 0x0000000100000000)
  region size 1024K, 17 young (17408K), 1 survivors (1024K)
 Metaspace       used 22326K, capacity 22579K, committed 22784K, reserved 1069056K
  class space    used 2216K, capacity 2303K, committed 2304K, reserved 1048576K
}
Event: 10.760 GC heap after
{Heap after GC invocations=30 (full 0):
 garbage-first heap   total 43008K, used 18251K [0x0000000080e00000, 0x0000000100000000)
  region size 1024K, 1 young (1024K), 1 survivors (1024K)
 Metaspace       used 22326K, capacity 22579K, committed 22784K, reserved 1069056K
  class space    used 2216K, capacity 2303K, committed 2304K, reserved 1048576K
}
Event: 11.217 GC heap before
{Heap before GC invocations=30 (full 0):
 garbage-first heap   total 43008K, used 34635K [0x0000000080e00000, 0x0000000100000000)
  region size 1024K, 17 young (17408K), 1 survivors (1024K)
 Metaspace       used 22326K, capacity 22579K, committed 22784K, reserved 1069056K
  class space    used 2216K, capacity 2303K, committed 2304K, reserved 1048576K
}
Event: 11.218 GC heap after
{Heap after GC invocations=31 (full 0):
 garbage-first heap   total 43008K, used 18256K [0x0000000080e00000, 0x0000000100000000)
  region size 1024K, 1 young (1024K), 1 survivors (1024K)
 Metaspace       used 22326K, capacity 22579K, committed 22784K, reserved 1069056K
  class space    used 2216K, capacity 2303K, committed 2304K, reserved 1048576K
}
Event: 11.682 GC heap before
{Heap before GC invocations=31 (full 0):
 garbage-first heap   total 43008K, used 35664K [0x0000000080e00000, 0x0000000100000000)
  region size 1024K, 18 young (18432K), 1 survivors (1024K)
 Metaspace       used 22342K, capacity 22579K, committed 22784K, reserved 1069056K
  class space    used 2220K, capacity 2303K, committed 2304K, reserved 1048576K
}
Event: 11.682 GC heap after
{Heap after GC invocations=32 (full 0):
 garbage-first heap   total 43008K, used 18264K [0x0000000080e00000, 0x0000000100000000)
  region size 1024K, 1 young (1024K), 1 survivors (1024K)
 Metaspace       used 22342K, capacity 22579K, committed 22784K, reserved 1069056K
  class space    used 2220K, capacity 2303K, committed 2304K, reserved 1048576K
}
Event: 12.230 GC heap before
{Heap before GC invocations=32 (full 0):
 garbage-first heap   total 43008K, used 34648K [0x0000000080e00000, 0x0000000100000000)
  region size 1024K, 17 young (17408K), 1 survivors (1024K)
 Metaspace       used 22346K, capacity 22643K, committed 22784K, reserved 1069056K
  class space    used 2220K, capacity 2303K, committed 2304K, reserved 1048576K
}
Event: 12.230 GC heap after
{Heap after GC invocations=33 (full 0):
 garbage-first heap   total 43008K, used 18266K [0x0000000080e00000, 0x0000000100000000)
  region size 1024K, 1 young (1024K), 1 survivors (1024K)
 Metaspace       used 22346K, capacity 22643K, committed 22784K, reserved 1069056K
  class space    used 2220K, capacity 2303K, committed 2304K, reserved 1048576K
}
Event: 12.720 GC heap before
{Heap before GC invocations=33 (full 0):
 garbage-first heap   total 43008K, used 34650K [0x0000000080e00000, 0x0000000100000000)
  region size 1024K, 17 young (17408K), 1 survivors (1024K)
 Metaspace       used 22348K, capacity 22643K, committed 22784K, reserved 1069056K
  class space    used 2220K, capacity 2303K, committed 2304K, reserved 1048576K
}
Event: 12.720 GC heap after
{Heap after GC invocations=34 (full 0):
 garbage-first heap   total 43008K, used 18275K [0x0000000080e00000, 0x0000000100000000)
  region size 1024K, 1 young (1024K), 1 survivors (1024K)
 Metaspace       used 22348K, capacity 22643K, committed 22784K, reserved 1069056K
  class space    used 2220K, capacity 2303K, committed 2304K, reserved 1048576K
}

